<?xml version="1.0" encoding="UTF-8"?>
<testng-results ignored="0" total="2" passed="2" failed="0" skipped="0">
  <reporter-output>
  </reporter-output>
  <suite started-at="2025-03-18T21:16:34 IST" name="Suite" finished-at="2025-03-18T21:16:55 IST" duration-ms="21012">
    <groups>
      <group name="Master">
        <method signature="TC001_AccountRegistrationTest.verrify_account_registration()[pri:0, instance:testCases.TC001_AccountRegistrationTest@1623b78d]" name="verrify_account_registration" class="testCases.TC001_AccountRegistrationTest"/>
        <method signature="TC002_LoginTest.verrify_login()[pri:0, instance:testCases.TC002_LoginTest@49139829]" name="verrify_login" class="testCases.TC002_LoginTest"/>
      </group> <!-- Master -->
      <group name="Sanity">
        <method signature="TC001_AccountRegistrationTest.verrify_account_registration()[pri:0, instance:testCases.TC001_AccountRegistrationTest@1623b78d]" name="verrify_account_registration" class="testCases.TC001_AccountRegistrationTest"/>
      </group> <!-- Sanity -->
      <group name="Regression">
        <method signature="TC002_LoginTest.verrify_login()[pri:0, instance:testCases.TC002_LoginTest@49139829]" name="verrify_login" class="testCases.TC002_LoginTest"/>
      </group> <!-- Regression -->
    </groups>
    <test started-at="2025-03-18T21:16:34 IST" name="Test" finished-at="2025-03-18T21:16:55 IST" duration-ms="21012">
      <class name="testCases.TC002_LoginTest">
        <test-method is-config="true" signature="setUp(java.lang.String,java.lang.String)[pri:0, instance:testCases.TC002_LoginTest@49139829]" started-at="2025-03-18T21:16:46 IST" name="setUp" finished-at="2025-03-18T21:16:51 IST" duration-ms="4194" status="PASS">
          <params>
            <param index="0">
              <value>
                <![CDATA[windows]]>
              </value>
            </param>
            <param index="1">
              <value>
                <![CDATA[chrome]]>
              </value>
            </param>
          </params>
          <reporter-output>
          </reporter-output>
        </test-method> <!-- setUp -->
        <test-method signature="verrify_login()[pri:0, instance:testCases.TC002_LoginTest@49139829]" started-at="2025-03-18T21:16:51 IST" name="verrify_login" finished-at="2025-03-18T21:16:54 IST" duration-ms="3397" status="PASS">
          <reporter-output>
          </reporter-output>
        </test-method> <!-- verrify_login -->
        <test-method is-config="true" signature="tetarDown()[pri:0, instance:testCases.TC002_LoginTest@49139829]" started-at="2025-03-18T21:16:54 IST" name="tetarDown" finished-at="2025-03-18T21:16:55 IST" duration-ms="625" status="PASS">
          <reporter-output>
          </reporter-output>
        </test-method> <!-- tetarDown -->
      </class> <!-- testCases.TC002_LoginTest -->
      <class name="testCases.TC001_AccountRegistrationTest">
        <test-method is-config="true" signature="setUp(java.lang.String,java.lang.String)[pri:0, instance:testCases.TC001_AccountRegistrationTest@1623b78d]" started-at="2025-03-18T21:16:34 IST" name="setUp" finished-at="2025-03-18T21:16:41 IST" duration-ms="6662" status="PASS">
          <params>
            <param index="0">
              <value>
                <![CDATA[windows]]>
              </value>
            </param>
            <param index="1">
              <value>
                <![CDATA[chrome]]>
              </value>
            </param>
          </params>
          <reporter-output>
          </reporter-output>
        </test-method> <!-- setUp -->
        <test-method signature="verrify_account_registration()[pri:0, instance:testCases.TC001_AccountRegistrationTest@1623b78d]" started-at="2025-03-18T21:16:41 IST" name="verrify_account_registration" finished-at="2025-03-18T21:16:46 IST" duration-ms="4861" status="PASS">
          <reporter-output>
          </reporter-output>
        </test-method> <!-- verrify_account_registration -->
        <test-method is-config="true" signature="tetarDown()[pri:0, instance:testCases.TC001_AccountRegistrationTest@1623b78d]" started-at="2025-03-18T21:16:46 IST" name="tetarDown" finished-at="2025-03-18T21:16:46 IST" duration-ms="696" status="PASS">
          <reporter-output>
          </reporter-output>
        </test-method> <!-- tetarDown -->
      </class> <!-- testCases.TC001_AccountRegistrationTest -->
    </test> <!-- Test -->
  </suite> <!-- Suite -->
</testng-results>
