<?xml version="1.0" encoding="UTF-8"?>
<testng-results ignored="0" total="2" passed="2" failed="0" skipped="0">
  <reporter-output>
  </reporter-output>
  <suite started-at="2025-03-18T20:40:39 IST" name="Suite" finished-at="2025-03-18T20:41:31 IST" duration-ms="51995">
    <groups>
      <group name="Master">
        <method signature="TC001_AccountRegistrationTest.verrify_account_registration()[pri:0, instance:testCases.TC001_AccountRegistrationTest@6ed3ccb2]" name="verrify_account_registration" class="testCases.TC001_AccountRegistrationTest"/>
        <method signature="TC002_LoginTest.verrify_login()[pri:0, instance:testCases.TC002_LoginTest@7c6908d7]" name="verrify_login" class="testCases.TC002_LoginTest"/>
      </group> <!-- Master -->
      <group name="Sanity">
        <method signature="TC001_AccountRegistrationTest.verrify_account_registration()[pri:0, instance:testCases.TC001_AccountRegistrationTest@6ed3ccb2]" name="verrify_account_registration" class="testCases.TC001_AccountRegistrationTest"/>
      </group> <!-- Sanity -->
      <group name="Regression">
        <method signature="TC002_LoginTest.verrify_login()[pri:0, instance:testCases.TC002_LoginTest@7c6908d7]" name="verrify_login" class="testCases.TC002_LoginTest"/>
      </group> <!-- Regression -->
    </groups>
    <test started-at="2025-03-18T20:40:39 IST" name="Test" finished-at="2025-03-18T20:41:31 IST" duration-ms="51995">
      <class name="testCases.TC002_LoginTest">
        <test-method is-config="true" signature="setUp(java.lang.String,java.lang.String)[pri:0, instance:testCases.TC002_LoginTest@7c6908d7]" started-at="2025-03-18T20:41:20 IST" name="setUp" finished-at="2025-03-18T20:41:25 IST" duration-ms="5427" status="PASS">
          <params>
            <param index="0">
              <value>
                <![CDATA[windows]]>
              </value>
            </param>
            <param index="1">
              <value>
                <![CDATA[chrome]]>
              </value>
            </param>
          </params>
          <reporter-output>
          </reporter-output>
        </test-method> <!-- setUp -->
        <test-method signature="verrify_login()[pri:0, instance:testCases.TC002_LoginTest@7c6908d7]" started-at="2025-03-18T20:41:25 IST" name="verrify_login" finished-at="2025-03-18T20:41:29 IST" duration-ms="3871" status="PASS">
          <reporter-output>
          </reporter-output>
        </test-method> <!-- verrify_login -->
        <test-method is-config="true" signature="tetarDown()[pri:0, instance:testCases.TC002_LoginTest@7c6908d7]" started-at="2025-03-18T20:41:29 IST" name="tetarDown" finished-at="2025-03-18T20:41:31 IST" duration-ms="1166" status="PASS">
          <reporter-output>
          </reporter-output>
        </test-method> <!-- tetarDown -->
      </class> <!-- testCases.TC002_LoginTest -->
      <class name="testCases.TC001_AccountRegistrationTest">
        <test-method is-config="true" signature="setUp(java.lang.String,java.lang.String)[pri:0, instance:testCases.TC001_AccountRegistrationTest@6ed3ccb2]" started-at="2025-03-18T20:40:39 IST" name="setUp" finished-at="2025-03-18T20:41:13 IST" duration-ms="34170" status="PASS">
          <params>
            <param index="0">
              <value>
                <![CDATA[windows]]>
              </value>
            </param>
            <param index="1">
              <value>
                <![CDATA[chrome]]>
              </value>
            </param>
          </params>
          <reporter-output>
          </reporter-output>
        </test-method> <!-- setUp -->
        <test-method signature="verrify_account_registration()[pri:0, instance:testCases.TC001_AccountRegistrationTest@6ed3ccb2]" started-at="2025-03-18T20:41:13 IST" name="verrify_account_registration" finished-at="2025-03-18T20:41:19 IST" duration-ms="5271" status="PASS">
          <reporter-output>
          </reporter-output>
        </test-method> <!-- verrify_account_registration -->
        <test-method is-config="true" signature="tetarDown()[pri:0, instance:testCases.TC001_AccountRegistrationTest@6ed3ccb2]" started-at="2025-03-18T20:41:19 IST" name="tetarDown" finished-at="2025-03-18T20:41:20 IST" duration-ms="1272" status="PASS">
          <reporter-output>
          </reporter-output>
        </test-method> <!-- tetarDown -->
      </class> <!-- testCases.TC001_AccountRegistrationTest -->
    </test> <!-- Test -->
  </suite> <!-- Suite -->
</testng-results>
